<?xml version="1.0" encoding="UTF-8"?>
<!-- Generated by org.testng.reporters.JUnitReportReporter -->
<testsuite skipped="0" hostname="DESKTOP-5P47P0G" name="com.bridgelab.fundoo.testcases.UserModuleTest" tests="10" failures="1" timestamp="2020-05-14T18:33:51 IST" time="513.395" errors="0">
  <testcase name="register" time="44.071" classname="com.bridgelab.fundoo.testcases.UserModuleTest"/>
  <system-out/>
  <testcase name="register" time="35.686" classname="com.bridgelab.fundoo.testcases.UserModuleTest"/>
  <system-out/>
  <testcase name="loginTest" time="49.009" classname="com.bridgelab.fundoo.testcases.UserModuleTest"/>
  <system-out/>
  <testcase name="loginTest" time="55.566" classname="com.bridgelab.fundoo.testcases.UserModuleTest"/>
  <system-out/>
  <testcase name="forgotPassword" time="52.252" classname="com.bridgelab.fundoo.testcases.UserModuleTest"/>
  <system-out/>
  <testcase name="loginTest" time="44.038" classname="com.bridgelab.fundoo.testcases.UserModuleTest"/>
  <system-out/>
  <testcase name="forgotPassword" time="49.270" classname="com.bridgelab.fundoo.testcases.UserModuleTest"/>
  <system-out/>
  <testcase name="readFromExcel" time="86.032" classname="com.bridgelab.fundoo.testcases.UserModuleTest"/>
  <system-out/>
  <testcase name="updatePassword" time="54.528" classname="com.bridgelab.fundoo.testcases.UserModuleTest"/>
  <system-out/>
  <testcase name="updatePassword" time="42.943" classname="com.bridgelab.fundoo.testcases.UserModuleTest">
    <failure type="java.lang.AssertionError" message="expected [http://localhost:4200/resetPassword/eyJ0eXAiOiJKV1QiLCJhbGciOiJIUzI1NiJ9.eyJpZCI6Mn0.sA4BYWa8edrLSwxJj21NIPWwSt4ggfbA-3PSohMpwVM] but found [http://localhost:4200/login]">
      <![CDATA[java.lang.AssertionError: expected [http://localhost:4200/resetPassword/eyJ0eXAiOiJKV1QiLCJhbGciOiJIUzI1NiJ9.eyJpZCI6Mn0.sA4BYWa8edrLSwxJj21NIPWwSt4ggfbA-3PSohMpwVM] but found [http://localhost:4200/login]
at org.testng.Assert.fail(Assert.java:97)
at org.testng.Assert.assertEqualsImpl(Assert.java:136)
at org.testng.Assert.assertEquals(Assert.java:118)
at org.testng.Assert.assertEquals(Assert.java:575)
at org.testng.Assert.assertEquals(Assert.java:585)
at com.bridgelab.fundoo.testcases.UserModuleTest.updatePassword(UserModuleTest.java:181)
at sun.reflect.NativeMethodAccessorImpl.invoke0(Native Method)
at sun.reflect.NativeMethodAccessorImpl.invoke(Unknown Source)
at sun.reflect.DelegatingMethodAccessorImpl.invoke(Unknown Source)
at java.lang.reflect.Method.invoke(Unknown Source)
at org.testng.internal.MethodInvocationHelper.invokeMethod(MethodInvocationHelper.java:135)
at org.testng.internal.TestInvoker.invokeMethod(TestInvoker.java:598)
at org.testng.internal.TestInvoker.invokeTestMethod(TestInvoker.java:174)
at org.testng.internal.MethodRunner.runInSequence(MethodRunner.java:46)
at org.testng.internal.TestInvoker$MethodInvocationAgent.invoke(TestInvoker.java:821)
at org.testng.internal.TestInvoker.invokeTestMethods(TestInvoker.java:147)
at org.testng.internal.TestMethodWorker.invokeTestMethods(TestMethodWorker.java:146)
at org.testng.internal.TestMethodWorker.run(TestMethodWorker.java:128)
at java.util.ArrayList.forEach(Unknown Source)
at org.testng.TestRunner.privateRun(TestRunner.java:767)
at org.testng.TestRunner.run(TestRunner.java:588)
at org.testng.SuiteRunner.runTest(SuiteRunner.java:384)
at org.testng.SuiteRunner.runSequentially(SuiteRunner.java:378)
at org.testng.SuiteRunner.privateRun(SuiteRunner.java:337)
at org.testng.SuiteRunner.run(SuiteRunner.java:286)
at org.testng.SuiteRunnerWorker.runSuite(SuiteRunnerWorker.java:53)
at org.testng.SuiteRunnerWorker.run(SuiteRunnerWorker.java:96)
at org.testng.TestNG.runSuitesSequentially(TestNG.java:1214)
at org.testng.TestNG.runSuitesLocally(TestNG.java:1136)
at org.testng.TestNG.runSuites(TestNG.java:1066)
at org.testng.TestNG.run(TestNG.java:1034)
at org.testng.remote.AbstractRemoteTestNG.run(AbstractRemoteTestNG.java:115)
at org.testng.remote.RemoteTestNG.initAndRun(RemoteTestNG.java:251)
at org.testng.remote.RemoteTestNG.main(RemoteTestNG.java:77)
]]>
    </failure>
  </testcase> <!-- updatePassword -->
  <system-out/>
</testsuite> <!-- com.bridgelab.fundoo.testcases.UserModuleTest -->
