<?xml version="1.0" encoding="UTF-8"?>
<!-- Generated by org.testng.reporters.JUnitReportReporter -->
<testsuite skipped="0" hostname="DESKTOP-5P47P0G" name="com.bridgelab.fundoo.resource.LoginDataProviderCompleteExcelTest" tests="4" failures="0" timestamp="2020-05-12T12:14:11 IST" time="130.623" errors="0">
  <testcase name="readFromExcel" time="2.237" classname="com.bridgelab.fundoo.resource.LoginDataProviderCompleteExcelTest"/>
  <system-out/>
  <testcase name="testLoginForAllScenarios" time="46.873" classname="com.bridgelab.fundoo.resource.LoginDataProviderCompleteExcelTest"/>
  <system-out/>
  <testcase name="testLoginForAllScenarios" time="41.665" classname="com.bridgelab.fundoo.resource.LoginDataProviderCompleteExcelTest"/>
  <system-out/>
  <testcase name="testLoginForAllScenarios" time="39.848" classname="com.bridgelab.fundoo.resource.LoginDataProviderCompleteExcelTest"/>
  <system-out/>
</testsuite> <!-- com.bridgelab.fundoo.resource.LoginDataProviderCompleteExcelTest -->
