<?xml version="1.0" encoding="UTF-8"?>
<!-- Generated by org.testng.reporters.JUnitReportReporter -->
<testsuite skipped="0" hostname="DESKTOP-5P47P0G" name="com.bridgelab.fundoo.testcases.UserModuleTest" tests="10" failures="0" timestamp="2020-05-12T17:50:49 IST" time="347.294" errors="0">
  <testcase name="forgotPassword" time="69.689" classname="com.bridgelab.fundoo.testcases.UserModuleTest"/>
  <system-out/>
  <testcase name="register" time="30.540" classname="com.bridgelab.fundoo.testcases.UserModuleTest"/>
  <system-out/>
  <testcase name="readFromExcel" time="1.162" classname="com.bridgelab.fundoo.testcases.UserModuleTest"/>
  <system-out/>
  <testcase name="testLogin" time="32.648" classname="com.bridgelab.fundoo.testcases.UserModuleTest"/>
  <system-out/>
  <testcase name="updatePassword" time="31.747" classname="com.bridgelab.fundoo.testcases.UserModuleTest"/>
  <system-out/>
  <testcase name="updatePassword" time="34.645" classname="com.bridgelab.fundoo.testcases.UserModuleTest"/>
  <system-out/>
  <testcase name="forgotPassword" time="46.085" classname="com.bridgelab.fundoo.testcases.UserModuleTest"/>
  <system-out/>
  <testcase name="testLogin" time="38.388" classname="com.bridgelab.fundoo.testcases.UserModuleTest"/>
  <system-out/>
  <testcase name="register" time="34.883" classname="com.bridgelab.fundoo.testcases.UserModuleTest"/>
  <system-out/>
  <testcase name="testLogin" time="27.507" classname="com.bridgelab.fundoo.testcases.UserModuleTest"/>
  <system-out/>
</testsuite> <!-- com.bridgelab.fundoo.testcases.UserModuleTest -->
