<?xml version="1.0" encoding="UTF-8"?>
<!-- Generated by org.testng.reporters.JUnitReportReporter -->
<testsuite skipped="0" hostname="DESKTOP-5P47P0G" name="com.bridgelab.fundoo.testcases.LabelTest" tests="1" failures="0" timestamp="2020-05-21T17:27:18 IST" time="69.204" errors="0">
  <testcase name="removeLabelToNoteTest" time="69.204" classname="com.bridgelab.fundoo.testcases.LabelTest"/>
  <system-out/>
</testsuite> <!-- com.bridgelab.fundoo.testcases.LabelTest -->
