<?xml version="1.0" encoding="UTF-8"?>
<!-- Generated by org.testng.reporters.JUnitReportReporter -->
<testsuite skipped="0" hostname="DESKTOP-5P47P0G" name="com.bridgelab.fundoo.testcases.User" tests="1" failures="0" timestamp="2020-05-12T08:24:14 IST" time="32.364" errors="0">
  <testcase name="login" time="32.364" classname="com.bridgelab.fundoo.testcases.User"/>
  <system-out/>
</testsuite> <!-- com.bridgelab.fundoo.testcases.User -->
