<?xml version="1.0" encoding="UTF-8"?>
<!-- Generated by org.testng.reporters.JUnitReportReporter -->
<testsuite skipped="0" hostname="DESKTOP-5P47P0G" name="com.bridgelab.fundoo.testcases.UserLoginTest" tests="10" failures="0" timestamp="2020-05-12T16:08:45 IST" time="274.253" errors="0">
  <testcase name="register" time="28.264" classname="com.bridgelab.fundoo.testcases.UserLoginTest"/>
  <system-out/>
  <testcase name="forgotPassword" time="30.721" classname="com.bridgelab.fundoo.testcases.UserLoginTest"/>
  <system-out/>
  <testcase name="updatePassword" time="29.767" classname="com.bridgelab.fundoo.testcases.UserLoginTest"/>
  <system-out/>
  <testcase name="testLogin" time="27.074" classname="com.bridgelab.fundoo.testcases.UserLoginTest"/>
  <system-out/>
  <testcase name="testLogin" time="28.321" classname="com.bridgelab.fundoo.testcases.UserLoginTest"/>
  <system-out/>
  <testcase name="testLogin" time="33.763" classname="com.bridgelab.fundoo.testcases.UserLoginTest"/>
  <system-out/>
  <testcase name="register" time="32.725" classname="com.bridgelab.fundoo.testcases.UserLoginTest"/>
  <system-out/>
  <testcase name="updatePassword" time="26.620" classname="com.bridgelab.fundoo.testcases.UserLoginTest"/>
  <system-out/>
  <testcase name="readFromExcel" time="2.083" classname="com.bridgelab.fundoo.testcases.UserLoginTest"/>
  <system-out/>
  <testcase name="forgotPassword" time="34.915" classname="com.bridgelab.fundoo.testcases.UserLoginTest"/>
  <system-out/>
</testsuite> <!-- com.bridgelab.fundoo.testcases.UserLoginTest -->
