<?xml version="1.0" encoding="UTF-8"?>
<!-- Generated by org.testng.reporters.JUnitReportReporter -->
<testsuite skipped="0" hostname="DESKTOP-5P47P0G" name="com.bridgelab.fundoo.testcases.NoteModuleTest" tests="1" failures="0" timestamp="2020-05-21T17:18:12 IST" time="132.460" errors="0">
  <testcase name="addReminderNoteTest" time="132.460" classname="com.bridgelab.fundoo.testcases.NoteModuleTest"/>
  <system-out/>
</testsuite> <!-- com.bridgelab.fundoo.testcases.NoteModuleTest -->
