<?xml version="1.0" encoding="UTF-8"?>
<!-- Generated by org.testng.reporters.JUnitReportReporter -->
<testsuite skipped="0" hostname="DESKTOP-5P47P0G" name="com.bridgelab.fundoo.testcases.UserModuleTest" tests="10" failures="0" timestamp="2020-05-12T22:14:01 IST" time="362.184" errors="0">
  <testcase name="loginTest" time="29.587" classname="com.bridgelab.fundoo.testcases.UserModuleTest"/>
  <system-out/>
  <testcase name="forgotPassword" time="77.006" classname="com.bridgelab.fundoo.testcases.UserModuleTest"/>
  <system-out/>
  <testcase name="loginTest" time="28.255" classname="com.bridgelab.fundoo.testcases.UserModuleTest"/>
  <system-out/>
  <testcase name="updatePassword" time="31.982" classname="com.bridgelab.fundoo.testcases.UserModuleTest"/>
  <system-out/>
  <testcase name="loginTest" time="45.170" classname="com.bridgelab.fundoo.testcases.UserModuleTest"/>
  <system-out/>
  <testcase name="readFromExcel" time="0.873" classname="com.bridgelab.fundoo.testcases.UserModuleTest"/>
  <system-out/>
  <testcase name="forgotPassword" time="45.752" classname="com.bridgelab.fundoo.testcases.UserModuleTest"/>
  <system-out/>
  <testcase name="register" time="35.282" classname="com.bridgelab.fundoo.testcases.UserModuleTest"/>
  <system-out/>
  <testcase name="updatePassword" time="36.114" classname="com.bridgelab.fundoo.testcases.UserModuleTest"/>
  <system-out/>
  <testcase name="register" time="32.163" classname="com.bridgelab.fundoo.testcases.UserModuleTest"/>
  <system-out/>
</testsuite> <!-- com.bridgelab.fundoo.testcases.UserModuleTest -->
