<?xml version="1.0" encoding="UTF-8"?>
<!-- Generated by org.testng.reporters.JUnitReportReporter -->
<testsuite skipped="0" hostname="DESKTOP-5P47P0G" name="com.bridgelab.fundoo.testcases.UserModuleTest" tests="3" failures="0" timestamp="2020-05-20T21:47:06 IST" time="149.547" errors="0">
  <testcase name="loginTest" time="48.615" classname="com.bridgelab.fundoo.testcases.UserModuleTest"/>
  <system-out/>
  <testcase name="loginTest" time="51.860" classname="com.bridgelab.fundoo.testcases.UserModuleTest"/>
  <system-out/>
  <testcase name="loginTest" time="49.072" classname="com.bridgelab.fundoo.testcases.UserModuleTest"/>
  <system-out/>
</testsuite> <!-- com.bridgelab.fundoo.testcases.UserModuleTest -->
